<?xml version="1.0" encoding="UTF-8"?>
<!-- Generated by org.testng.reporters.JUnitReportReporter -->
<testsuite hostname="NACTS-081729" name="automationFramework.TestCases.DBTest" tests="1" failures="0" timestamp="11 Jan 2017 21:57:50 GMT" time="0.721" errors="0">
  <testcase name="checkDB" time="0.721" classname="automationFramework.TestCases.DBTest"/>
</testsuite> <!-- automationFramework.TestCases.DBTest -->
