<?xml version="1.0" encoding="UTF-8"?>
<!-- Generated by org.testng.reporters.JUnitReportReporter -->
<testsuite hostname="NACTS-081729" name="automationFramework.TestCases.LinkAccountAPITest" tests="7" failures="0" timestamp="27 Apr 2017 18:41:58 GMT" time="913.940" errors="0">
  <testcase name="linkAccountBankAccountMissingTest" time="18.731" classname="automationFramework.TestCases.LinkAccountAPITest"/>
  <testcase name="linkAccountMessageTest" time="302.613" classname="automationFramework.TestCases.LinkAccountAPITest"/>
  <testcase name="linkAccountCardExpirationMissingTest" time="19.785" classname="automationFramework.TestCases.LinkAccountAPITest"/>
  <testcase name="linkAccountFailureTest" time="20.974" classname="automationFramework.TestCases.LinkAccountAPITest"/>
  <testcase name="linkAccountAlreadyLinkedTest" time="271.241" classname="automationFramework.TestCases.LinkAccountAPITest"/>
  <testcase name="linkAccountTest" time="266.193" classname="automationFramework.TestCases.LinkAccountAPITest"/>
  <testcase name="linkAccountCancelTest" time="14.403" classname="automationFramework.TestCases.LinkAccountAPITest"/>
</testsuite> <!-- automationFramework.TestCases.LinkAccountAPITest -->
