<?xml version="1.0" encoding="UTF-8"?>
<!-- Generated by org.testng.reporters.JUnitReportReporter -->
<testsuite hostname="NACTS-081729" name="automationFramework.TestCases.CreateFundingAPITest" tests="1" failures="0" timestamp="15 Mar 2017 21:54:37 GMT" time="26.467" errors="0">
  <testcase name="createFundingSourceChangePrimaryCard" time="26.467" classname="automationFramework.TestCases.CreateFundingAPITest"/>
</testsuite> <!-- automationFramework.TestCases.CreateFundingAPITest -->
