<?xml version="1.0" encoding="UTF-8"?>
<!-- Generated by org.testng.reporters.JUnitReportReporter -->
<testsuite hostname="NACTS-081729" name="automationFramework.TestCases.DeleteFundingAPITest" tests="3" failures="0" timestamp="15 Mar 2017 01:22:59 GMT" time="55.089" errors="0">
  <testcase name="deleteFundingSource" time="17.487" classname="automationFramework.TestCases.DeleteFundingAPITest"/>
  <testcase name="deleteFundingSourceCancel" time="20.051" classname="automationFramework.TestCases.DeleteFundingAPITest"/>
  <testcase name="deleteFundingSourceClose" time="17.551" classname="automationFramework.TestCases.DeleteFundingAPITest"/>
</testsuite> <!-- automationFramework.TestCases.DeleteFundingAPITest -->
