<?xml version="1.0" encoding="UTF-8"?>
<!-- Generated by org.testng.reporters.JUnitReportReporter -->
<testsuite hostname="NACTS-081729" name="automationFramework.TestCases.CreateOrderTest" tests="4" failures="0" timestamp="27 Apr 2017 18:41:58 GMT" time="94.581" errors="0">
  <testcase name="createOrderCancel" time="18.746" classname="automationFramework.TestCases.CreateOrderTest"/>
  <testcase name="createOrderNewFundingSource" time="28.903" classname="automationFramework.TestCases.CreateOrderTest"/>
  <testcase name="createOrderExpiredCard" time="18.949" classname="automationFramework.TestCases.CreateOrderTest"/>
  <testcase name="createOrderSubmit" time="27.983" classname="automationFramework.TestCases.CreateOrderTest"/>
</testsuite> <!-- automationFramework.TestCases.CreateOrderTest -->
