<?xml version="1.0" encoding="UTF-8"?>
<!-- Generated by org.testng.reporters.JUnitReportReporter -->
<testsuite hostname="NACTS-081729" name="automationFramework.TestCases.DeleteFundingTest" tests="3" failures="0" timestamp="27 Apr 2017 18:41:58 GMT" time="54.863" errors="0">
  <testcase name="deleteFundingSourceClose" time="18.360" classname="automationFramework.TestCases.DeleteFundingTest"/>
  <testcase name="deleteFundingSourceCancel" time="18.767" classname="automationFramework.TestCases.DeleteFundingTest"/>
  <testcase name="deleteFundingSource" time="17.736" classname="automationFramework.TestCases.DeleteFundingTest"/>
</testsuite> <!-- automationFramework.TestCases.DeleteFundingTest -->
