<?xml version="1.0" encoding="UTF-8"?>
<!-- Generated by org.testng.reporters.JUnitReportReporter -->
<testsuite hostname="NACTS-081729" name="automationFramework.TestCases.LinkAccountTest2" tests="6" failures="0" timestamp="1 Mar 2017 00:38:16 GMT" time="250.920" errors="0">
  <testcase name="linkAccountFailureTest" time="23.338" classname="automationFramework.TestCases.LinkAccountTest2"/>
  <testcase name="linkAccountCardExpirationMissingTest" time="12.356" classname="automationFramework.TestCases.LinkAccountTest2"/>
  <testcase name="linkAccountBankAccountMissingTest" time="11.545" classname="automationFramework.TestCases.LinkAccountTest2"/>
  <testcase name="linkAccountAlreadyLinkedTest" time="104.615" classname="automationFramework.TestCases.LinkAccountTest2"/>
  <testcase name="linkAccountCancelTest" time="23.869" classname="automationFramework.TestCases.LinkAccountTest2"/>
  <testcase name="linkAccountTest" time="75.197" classname="automationFramework.TestCases.LinkAccountTest2"/>
</testsuite> <!-- automationFramework.TestCases.LinkAccountTest2 -->
