<?xml version="1.0" encoding="UTF-8"?>
<!-- Generated by org.testng.reporters.JUnitReportReporter -->
<testsuite hostname="NACTS-081729" name="automationFramework.TestCases.TokenSearchTest" tests="16" failures="0" timestamp="27 Apr 2017 18:41:58 GMT" time="322.511" errors="0">
  <testcase name="searchTokenClickHome" time="19.472" classname="automationFramework.TestCases.TokenSearchTest"/>
  <testcase name="searchTokenInvalidTokenSearch" time="10.608" classname="automationFramework.TestCases.TokenSearchTest"/>
  <testcase name="searchTokenInvalidMonth" time="9.530" classname="automationFramework.TestCases.TokenSearchTest"/>
  <testcase name="searchUnregistredCustomer" time="18.938" classname="automationFramework.TestCases.TokenSearchTest"/>
  <testcase name="searchTokenNoRecordFound" time="10.431" classname="automationFramework.TestCases.TokenSearchTest"/>
  <testcase name="searchTokenInvalidYear" time="11.327" classname="automationFramework.TestCases.TokenSearchTest"/>
  <testcase name="tokenSearchWithSpace" time="41.750" classname="automationFramework.TestCases.TokenSearchTest"/>
  <testcase name="searchTokenNewSearch" time="9.597" classname="automationFramework.TestCases.TokenSearchTest"/>
  <testcase name="searchTokenInvalidTokenNewSearch" time="12.069" classname="automationFramework.TestCases.TokenSearchTest"/>
  <testcase name="searchRegistredCustomerVerifiedThreeInfo" time="43.619" classname="automationFramework.TestCases.TokenSearchTest"/>
  <testcase name="searchRegistredCustomer" time="43.842" classname="automationFramework.TestCases.TokenSearchTest"/>
  <testcase name="viewRegistredCustomerSubsystemPage" time="48.107" classname="automationFramework.TestCases.TokenSearchTest"/>
  <testcase name="searchTokenMissingBankCard" time="9.009" classname="automationFramework.TestCases.TokenSearchTest"/>
  <testcase name="tokenSearchAuthenticationError" time="8.482" classname="automationFramework.TestCases.TokenSearchTest"/>
  <testcase name="searchTokenNoRecordFoundNewSearch" time="9.452" classname="automationFramework.TestCases.TokenSearchTest"/>
  <testcase name="searchTokenVerification" time="16.278" classname="automationFramework.TestCases.TokenSearchTest"/>
</testsuite> <!-- automationFramework.TestCases.TokenSearchTest -->
