<?xml version="1.0" encoding="UTF-8"?>
<!-- Generated by org.testng.reporters.JUnitReportReporter -->
<testsuite hostname="NACTS-081729" name="automationFramework.TestCases.CreateCustomerAnonymousTest" tests="1" failures="0" timestamp="14 Dec 2016 23:09:12 GMT" time="79.562" errors="0">
  <testcase name="searchTokenNoRecordFoundRegisterNewCustomer" time="79.562" classname="automationFramework.TestCases.CreateCustomerAnonymousTest"/>
</testsuite> <!-- automationFramework.TestCases.CreateCustomerAnonymousTest -->
