<?xml version="1.0" encoding="UTF-8"?>
<!-- Generated by org.testng.reporters.JUnitReportReporter -->
<testsuite hostname="NACTS-081729" name="automationFramework.TestCases.ResetPasswordTest" tests="3" failures="0" timestamp="27 Apr 2017 18:41:58 GMT" time="36.484" errors="0">
  <testcase name="resetPasswordCancel" time="11.969" classname="automationFramework.TestCases.ResetPasswordTest"/>
  <testcase name="resetPassword" time="12.132" classname="automationFramework.TestCases.ResetPasswordTest"/>
  <testcase name="resetPasswordClose" time="12.383" classname="automationFramework.TestCases.ResetPasswordTest"/>
</testsuite> <!-- automationFramework.TestCases.ResetPasswordTest -->
