<?xml version="1.0" encoding="UTF-8"?>
<!-- Generated by org.testng.reporters.JUnitReportReporter -->
<testsuite hostname="NACTS-081729" name="automationFramework.RestApi.ApiCustomerGet" tests="1" failures="0" timestamp="13 Mar 2017 16:04:28 GMT" time="2.225" errors="0">
  <testcase name="apiGetCustomerInfo" time="2.225" classname="automationFramework.RestApi.ApiCustomerGet"/>
</testsuite> <!-- automationFramework.RestApi.ApiCustomerGet -->
