<?xml version="1.0" encoding="UTF-8"?>
<!-- Generated by org.testng.reporters.JUnitReportReporter -->
<testsuite hostname="NACTS-081729" name="automationFramework.TestCases.LinkAccountDBTest" tests="2" failures="0" timestamp="27 Apr 2017 18:41:58 GMT" time="617.976" errors="0">
  <testcase name="createLinkAccountDBcheck" time="304.713" classname="automationFramework.TestCases.LinkAccountDBTest"/>
  <testcase name="createLinkAccountCancellDBcheck" time="313.263" classname="automationFramework.TestCases.LinkAccountDBTest"/>
</testsuite> <!-- automationFramework.TestCases.LinkAccountDBTest -->
