<?xml version="1.0" encoding="UTF-8"?>
<!-- Generated by org.testng.reporters.JUnitReportReporter -->
<testsuite hostname="NACTS-081729" name="automationFramework.TestCases.BalanceHistoryUnregistredTest" tests="1" failures="0" timestamp="26 Jan 2017 22:43:33 GMT" time="61.353" errors="0">
  <testcase name="loadValueABPTest" time="61.353" classname="automationFramework.TestCases.BalanceHistoryUnregistredTest"/>
</testsuite> <!-- automationFramework.TestCases.BalanceHistoryUnregistredTest -->
