<?xml version="1.0" encoding="UTF-8"?>
<!-- Generated by org.testng.reporters.JUnitReportReporter -->
<testsuite hostname="NACTS-081729" name="automationFramework.TestCases.ResetPasswordAPITest" tests="3" failures="0" timestamp="15 Mar 2017 01:22:59 GMT" time="46.218" errors="0">
  <testcase name="resetPasswordClose" time="15.071" classname="automationFramework.TestCases.ResetPasswordAPITest"/>
  <testcase name="resetPasswordCancel" time="17.648" classname="automationFramework.TestCases.ResetPasswordAPITest"/>
  <testcase name="resetPassword" time="13.499" classname="automationFramework.TestCases.ResetPasswordAPITest"/>
</testsuite> <!-- automationFramework.TestCases.ResetPasswordAPITest -->
