<?xml version="1.0" encoding="UTF-8"?>
<!-- Generated by org.testng.reporters.JUnitReportReporter -->
<testsuite hostname="NACTS-081729" name="automationFramework.TestCases.CreateOrderAPITest" tests="4" failures="0" timestamp="15 Mar 2017 22:02:44 GMT" time="79.312" errors="0">
  <testcase name="createOrderExpiredCard" time="16.600" classname="automationFramework.TestCases.CreateOrderAPITest"/>
  <testcase name="createOrderCancel" time="18.831" classname="automationFramework.TestCases.CreateOrderAPITest"/>
  <testcase name="createOrderNewFundingSource" time="23.748" classname="automationFramework.TestCases.CreateOrderAPITest"/>
  <testcase name="createOrderSubmit" time="20.133" classname="automationFramework.TestCases.CreateOrderAPITest"/>
</testsuite> <!-- automationFramework.TestCases.CreateOrderAPITest -->
