<?xml version="1.0" encoding="UTF-8"?>
<!-- Generated by org.testng.reporters.JUnitReportReporter -->
<testsuite hostname="NACTS-081729" name="automationFramework.TestCases.UpdateFundingAPITest" tests="4" failures="0" timestamp="15 Mar 2017 01:22:59 GMT" time="100.728" errors="0">
  <testcase name="updatePrimaryFundingTest" time="22.391" classname="automationFramework.TestCases.UpdateFundingAPITest"/>
  <testcase name="updateNonPrimaryFundingTest" time="32.243" classname="automationFramework.TestCases.UpdateFundingAPITest"/>
  <testcase name="updatePrimaryFundingCancelTest" time="18.020" classname="automationFramework.TestCases.UpdateFundingAPITest"/>
  <testcase name="updateNonPrimaryFundingCancelTest" time="28.074" classname="automationFramework.TestCases.UpdateFundingAPITest"/>
</testsuite> <!-- automationFramework.TestCases.UpdateFundingAPITest -->
