<?xml version="1.0" encoding="UTF-8"?>
<!-- Generated by org.testng.reporters.JUnitReportReporter -->
<testsuite hostname="NACTS-081729" name="automationFramework.TestCases.TokenSearchAPITest" tests="2" failures="0" timestamp="27 Apr 2017 18:41:58 GMT" time="40.231" errors="0">
  <testcase name="tokenVerificationLinkAccountNewSearch" time="23.241" classname="automationFramework.TestCases.TokenSearchAPITest"/>
  <testcase name="tokenVerificationLinkAccount" time="16.990" classname="automationFramework.TestCases.TokenSearchAPITest"/>
</testsuite> <!-- automationFramework.TestCases.TokenSearchAPITest -->
