<?xml version="1.0" encoding="UTF-8"?>
<!-- Generated by org.testng.reporters.JUnitReportReporter -->
<testsuite hostname="NACTS-081729" name="automationFramework.TestCases.SearchAPITest2" tests="9" failures="0" timestamp="15 Mar 2017 01:22:59 GMT" time="117.681" errors="0">
  <testcase name="searchCustomerCheckDuplicateTestPhone" time="21.011" classname="automationFramework.TestCases.SearchAPITest2"/>
  <testcase name="searchCustomerCheckDuplicateTestFnameLname" time="12.412" classname="automationFramework.TestCases.SearchAPITest2"/>
  <testcase name="searchNewSearchButton" time="12.968" classname="automationFramework.TestCases.SearchAPITest2"/>
  <testcase name="searchCustomerClickNotVerified" time="14.025" classname="automationFramework.TestCases.SearchAPITest2"/>
  <testcase name="searchCustomerCheckDuplicateTestEmailPhone" time="10.427" classname="automationFramework.TestCases.SearchAPITest2"/>
  <testcase name="searchCustomerCheckDuplicateTestAll" time="13.551" classname="automationFramework.TestCases.SearchAPITest2"/>
  <testcase name="searchCustomerCheckDuplicateTestEmail" time="9.841" classname="automationFramework.TestCases.SearchAPITest2"/>
  <testcase name="searchCustomerVerifiedThreeInfoTest" time="12.628" classname="automationFramework.TestCases.SearchAPITest2"/>
  <testcase name="searchCustomerNotVerifiedThreeInfoTest" time="10.818" classname="automationFramework.TestCases.SearchAPITest2"/>
</testsuite> <!-- automationFramework.TestCases.SearchAPITest2 -->
