<?xml version="1.0" encoding="UTF-8"?>
<!-- Generated by org.testng.reporters.JUnitReportReporter -->
<testsuite hostname="NACTS-081729" name="automationFramework.TestCases.UpdateFundingTest" tests="4" failures="0" timestamp="27 Apr 2017 18:41:58 GMT" time="105.658" errors="0">
  <testcase name="updateNonPrimaryFundingCancelTest" time="28.244" classname="automationFramework.TestCases.UpdateFundingTest"/>
  <testcase name="updateNonPrimaryFundingTest" time="34.116" classname="automationFramework.TestCases.UpdateFundingTest"/>
  <testcase name="updatePrimaryFundingCancelTest" time="19.397" classname="automationFramework.TestCases.UpdateFundingTest"/>
  <testcase name="updatePrimaryFundingTest" time="23.901" classname="automationFramework.TestCases.UpdateFundingTest"/>
</testsuite> <!-- automationFramework.TestCases.UpdateFundingTest -->
