<?xml version="1.0" encoding="UTF-8"?>
<!-- Generated by org.testng.reporters.JUnitReportReporter -->
<testsuite hostname="NACTS-081729" name="automationFramework.TestCases.CreateOrderDBTest" tests="2" failures="0" timestamp="27 Apr 2017 18:41:58 GMT" time="54.663" errors="0">
  <testcase name="createOrderDBcheck" time="31.837" classname="automationFramework.TestCases.CreateOrderDBTest"/>
  <testcase name="createOrderCancelDBcheck" time="22.826" classname="automationFramework.TestCases.CreateOrderDBTest"/>
</testsuite> <!-- automationFramework.TestCases.CreateOrderDBTest -->
