<?xml version="1.0" encoding="UTF-8"?>
<!-- Generated by org.testng.reporters.JUnitReportReporter -->
<testsuite hostname="NACTS-081729" name="automationFramework.TestCases.LinkAccountTest" tests="7" failures="0" timestamp="27 Apr 2017 18:41:58 GMT" time="893.013" errors="0">
  <testcase name="linkAccountCardExpirationMissingTest" time="12.882" classname="automationFramework.TestCases.LinkAccountTest"/>
  <testcase name="linkAccountCancelTest" time="19.235" classname="automationFramework.TestCases.LinkAccountTest"/>
  <testcase name="linkAccountAlreadyLinkedTest" time="262.584" classname="automationFramework.TestCases.LinkAccountTest"/>
  <testcase name="linkAccountTest" time="256.505" classname="automationFramework.TestCases.LinkAccountTest"/>
  <testcase name="linkAccountBankAccountMissingTest" time="11.909" classname="automationFramework.TestCases.LinkAccountTest"/>
  <testcase name="linkAccountMessageTest" time="310.484" classname="automationFramework.TestCases.LinkAccountTest"/>
  <testcase name="linkAccountFailureTest" time="19.414" classname="automationFramework.TestCases.LinkAccountTest"/>
</testsuite> <!-- automationFramework.TestCases.LinkAccountTest -->
