<?xml version="1.0" encoding="UTF-8"?>
<!-- Generated by org.testng.reporters.JUnitReportReporter -->
<testsuite hostname="NACTS-081729" name="automationFramework.TestCases.BalanceHistoryAPITest" tests="4" failures="0" timestamp="15 Mar 2017 20:05:07 GMT" time="327.309" errors="0">
  <testcase name="viewBalanceHistoryRegisteredDynamic" time="51.279" classname="automationFramework.TestCases.BalanceHistoryAPITest"/>
  <testcase name="viewBalanceHistoryFilterTest" time="55.651" classname="automationFramework.TestCases.BalanceHistoryAPITest"/>
  <testcase name="viewBalanceHistoryUnregisteredDynamic" time="162.220" classname="automationFramework.TestCases.BalanceHistoryAPITest"/>
  <testcase name="viewBalanceHistoryDetailsRegisteredDynamic" time="58.159" classname="automationFramework.TestCases.BalanceHistoryAPITest"/>
</testsuite> <!-- automationFramework.TestCases.BalanceHistoryAPITest -->
