<?xml version="1.0" encoding="UTF-8"?>
<!-- Generated by org.testng.reporters.JUnitReportReporter -->
<testsuite hostname="NACTS-081729" name="automationFramework.TestCases.CreateFundingTest" tests="13" failures="0" timestamp="27 Apr 2017 18:41:58 GMT" time="335.257" errors="0">
  <testcase name="createFundingSourceInvalidCCType" time="16.411" classname="automationFramework.TestCases.CreateFundingTest"/>
  <testcase name="createFundingSourceInvalidPanTooLong" time="17.562" classname="automationFramework.TestCases.CreateFundingTest"/>
  <testcase name="createFundingSourceTypeNotSelected" time="16.473" classname="automationFramework.TestCases.CreateFundingTest"/>
  <testcase name="createCustomerFundingInvalidName" time="21.055" classname="automationFramework.TestCases.CreateFundingTest"/>
  <testcase name="createFundingSourceInvalidExpirationDate" time="18.263" classname="automationFramework.TestCases.CreateFundingTest"/>
  <testcase name="createFundingSourceTwoCards" time="30.490" classname="automationFramework.TestCases.CreateFundingTest"/>
  <testcase name="createFundingSourceCancel" time="76.010" classname="automationFramework.TestCases.CreateFundingTest"/>
  <testcase name="createFundingSource" time="20.237" classname="automationFramework.TestCases.CreateFundingTest"/>
  <testcase name="createCustomerInvalidEmail" time="15.259" classname="automationFramework.TestCases.CreateFundingTest"/>
  <testcase name="createCustomerFundingInvalidCC" time="28.068" classname="automationFramework.TestCases.CreateFundingTest"/>
  <testcase name="createFundingSourceChangePrimaryCardCancel" time="27.940" classname="automationFramework.TestCases.CreateFundingTest"/>
  <testcase name="createFundingSourceChangePrimaryCard" time="26.093" classname="automationFramework.TestCases.CreateFundingTest"/>
  <testcase name="createFundingSourceNewBillingAddress" time="21.396" classname="automationFramework.TestCases.CreateFundingTest"/>
</testsuite> <!-- automationFramework.TestCases.CreateFundingTest -->
