<?xml version="1.0" encoding="UTF-8"?>
<!-- Generated by org.testng.reporters.JUnitReportReporter -->
<testsuite hostname="NACTS-081729" name="automationFramework.TestCases.LinkAccountABPTest2" tests="1" failures="0" timestamp="26 Jan 2017 22:37:36 GMT" time="62.986" errors="0">
  <testcase name="loadValueABPTest" time="62.986" classname="automationFramework.TestCases.LinkAccountABPTest2"/>
</testsuite> <!-- automationFramework.TestCases.LinkAccountABPTest2 -->
