<?xml version="1.0" encoding="UTF-8"?>
<!-- Generated by org.testng.reporters.JUnitReportReporter -->
<testsuite hostname="NACTS-081729" name="automationFramework.TestCases.SearchAPITest" tests="7" failures="0" timestamp="15 Mar 2017 01:22:59 GMT" time="79.708" errors="0">
  <testcase name="searchCustomerCheckDuplicateTestFname" time="10.304" classname="automationFramework.TestCases.SearchAPITest"/>
  <testcase name="searchCustomerNoResultsTest" time="11.184" classname="automationFramework.TestCases.SearchAPITest"/>
  <testcase name="searchCustomerVerifiedTest" time="12.523" classname="automationFramework.TestCases.SearchAPITest"/>
  <testcase name="searchCustomerTypeNotSelected" time="12.219" classname="automationFramework.TestCases.SearchAPITest"/>
  <testcase name="searchCustomerCheckDuplicateTestLname" time="10.806" classname="automationFramework.TestCases.SearchAPITest"/>
  <testcase name="searchCustomerNotVerifiedTest" time="11.875" classname="automationFramework.TestCases.SearchAPITest"/>
  <testcase name="searchCustomerInvalidEmail" time="10.797" classname="automationFramework.TestCases.SearchAPITest"/>
</testsuite> <!-- automationFramework.TestCases.SearchAPITest -->
