<?xml version="1.0" encoding="UTF-8"?>
<!-- Generated by org.testng.reporters.JUnitReportReporter -->
<testsuite hostname="NACTS-081729" name="automationFramework.RestApi.CustomerServiceApiTest" tests="1" failures="0" timestamp="10 Mar 2017 19:28:15 GMT" time="1.859" errors="0">
  <testcase name="testCredentialPrevalidate_Success" time="1.859" classname="automationFramework.RestApi.CustomerServiceApiTest"/>
</testsuite> <!-- automationFramework.RestApi.CustomerServiceApiTest -->
