<?xml version="1.0" encoding="UTF-8"?>
<!-- Generated by org.testng.reporters.JUnitReportReporter -->
<testsuite hostname="NACTS-081729" name="automationFramework.RestApi.ApiCustomerPost" tests="1" failures="0" timestamp="13 Mar 2017 18:33:31 GMT" time="3.400" errors="0">
  <testcase name="apiPostSuccess" time="3.400" classname="automationFramework.RestApi.ApiCustomerPost"/>
</testsuite> <!-- automationFramework.RestApi.ApiCustomerPost -->
