<?xml version="1.0" encoding="UTF-8"?>
<!-- Generated by org.testng.reporters.JUnitReportReporter -->
<testsuite hostname="NACTS-081729" name="automationFramework.TestCases.UpdateContactAPITest" tests="11" failures="0" timestamp="15 Mar 2017 01:22:59 GMT" time="174.975" errors="0">
  <testcase name="updateContactAndAddress" time="20.557" classname="automationFramework.TestCases.UpdateContactAPITest"/>
  <testcase name="updateContactInvalidUserName" time="14.859" classname="automationFramework.TestCases.UpdateContactAPITest"/>
  <testcase name="updateContactInvalidPin" time="14.322" classname="automationFramework.TestCases.UpdateContactAPITest"/>
  <testcase name="updateContactOtherPhonesMissing" time="14.853" classname="automationFramework.TestCases.UpdateContactAPITest"/>
  <testcase name="updateContactSecurityAnswermissing" time="14.999" classname="automationFramework.TestCases.UpdateContactAPITest"/>
  <testcase name="updateContactCheckRequiredFields" time="14.473" classname="automationFramework.TestCases.UpdateContactAPITest"/>
  <testcase name="updateContactAndAddressCancel" time="16.338" classname="automationFramework.TestCases.UpdateContactAPITest"/>
  <testcase name="updateContact" time="18.348" classname="automationFramework.TestCases.UpdateContactAPITest"/>
  <testcase name="updateContactInvalidPhone" time="18.025" classname="automationFramework.TestCases.UpdateContactAPITest"/>
  <testcase name="updateContactCancel" time="13.480" classname="automationFramework.TestCases.UpdateContactAPITest"/>
  <testcase name="updateContactInvalidEmail" time="14.721" classname="automationFramework.TestCases.UpdateContactAPITest"/>
</testsuite> <!-- automationFramework.TestCases.UpdateContactAPITest -->
