<?xml version="1.0" encoding="UTF-8"?>
<!-- Generated by org.testng.reporters.JUnitReportReporter -->
<testsuite hostname="NACTS-081729" name="automationFramework.TestCases.LinkAccountTest" tests="7" failures="0" timestamp="25 Apr 2017 23:19:06 GMT" time="915.179" errors="0">
  <testcase name="linkAccountTest" time="265.157" classname="automationFramework.TestCases.LinkAccountTest"/>
  <testcase name="linkAccountCardExpirationMissingTest" time="13.568" classname="automationFramework.TestCases.LinkAccountTest"/>
  <testcase name="linkAccountCancelTest" time="21.597" classname="automationFramework.TestCases.LinkAccountTest"/>
  <testcase name="linkAccountMessageTest" time="305.262" classname="automationFramework.TestCases.LinkAccountTest"/>
  <testcase name="linkAccountFailureTest" time="22.315" classname="automationFramework.TestCases.LinkAccountTest"/>
  <testcase name="linkAccountAlreadyLinkedTest" time="274.039" classname="automationFramework.TestCases.LinkAccountTest"/>
  <testcase name="linkAccountBankAccountMissingTest" time="13.241" classname="automationFramework.TestCases.LinkAccountTest"/>
</testsuite> <!-- automationFramework.TestCases.LinkAccountTest -->
