<?xml version="1.0" encoding="UTF-8"?>
<!-- Generated by org.testng.reporters.JUnitReportReporter -->
<testsuite hostname="NACTS-081729" name="automationFramework.TestCases.CreateFundingTest" tests="12" failures="0" timestamp="25 Apr 2017 23:19:06 GMT" time="280.440" errors="0">
  <testcase name="createFundingSourceTypeNotSelected" time="16.379" classname="automationFramework.TestCases.CreateFundingTest"/>
  <testcase name="createFundingSourceInvalidCCType" time="17.801" classname="automationFramework.TestCases.CreateFundingTest"/>
  <testcase name="createFundingSource" time="15.856" classname="automationFramework.TestCases.CreateFundingTest"/>
  <testcase name="createFundingSourceTwoCards" time="21.123" classname="automationFramework.TestCases.CreateFundingTest"/>
  <testcase name="createFundingSourceChangePrimaryCard" time="27.895" classname="automationFramework.TestCases.CreateFundingTest"/>
  <testcase name="createFundingSourceNewBillingAddress" time="19.788" classname="automationFramework.TestCases.CreateFundingTest"/>
  <testcase name="createFundingSourceInvalidExpirationDate" time="16.555" classname="automationFramework.TestCases.CreateFundingTest"/>
  <testcase name="createFundingSourceCancel" time="77.900" classname="automationFramework.TestCases.CreateFundingTest"/>
  <testcase name="createCustomerFundingInvalidCC" time="20.014" classname="automationFramework.TestCases.CreateFundingTest"/>
  <testcase name="createFundingSourceInvalidPanTooLong" time="16.137" classname="automationFramework.TestCases.CreateFundingTest"/>
  <testcase name="createCustomerInvalidEmail" time="14.955" classname="automationFramework.TestCases.CreateFundingTest"/>
  <testcase name="createCustomerFundingInvalidName" time="16.037" classname="automationFramework.TestCases.CreateFundingTest"/>
</testsuite> <!-- automationFramework.TestCases.CreateFundingTest -->
