<?xml version="1.0" encoding="UTF-8"?>
<!-- Generated by org.testng.reporters.JUnitReportReporter -->
<testsuite hostname="NACTS-081729" name="automationFramework.TestCases.LinkAccountDBTest" tests="2" failures="0" timestamp="25 Apr 2017 23:19:06 GMT" time="612.708" errors="0">
  <testcase name="createLinkAccountCancellDBcheck" time="308.519" classname="automationFramework.TestCases.LinkAccountDBTest"/>
  <testcase name="createLinkAccountDBcheck" time="304.189" classname="automationFramework.TestCases.LinkAccountDBTest"/>
</testsuite> <!-- automationFramework.TestCases.LinkAccountDBTest -->
