<?xml version="1.0" encoding="UTF-8"?>
<!-- Generated by org.testng.reporters.JUnitReportReporter -->
<testsuite hostname="NACTS-081729" name="automationFramework.TestCases.DeleteFundingTest" tests="3" failures="0" timestamp="25 Apr 2017 23:19:06 GMT" time="51.003" errors="0">
  <testcase name="deleteFundingSource" time="17.345" classname="automationFramework.TestCases.DeleteFundingTest"/>
  <testcase name="deleteFundingSourceCancel" time="16.635" classname="automationFramework.TestCases.DeleteFundingTest"/>
  <testcase name="deleteFundingSourceClose" time="17.023" classname="automationFramework.TestCases.DeleteFundingTest"/>
</testsuite> <!-- automationFramework.TestCases.DeleteFundingTest -->
