<?xml version="1.0" encoding="UTF-8"?>
<!-- Generated by org.testng.reporters.JUnitReportReporter -->
<testsuite hostname="NACTS-081729" name="automationFramework.TestCases.TokenSearchTest" tests="16" failures="0" timestamp="25 Apr 2017 23:19:06 GMT" time="326.551" errors="0">
  <testcase name="searchRegistredCustomerVerifiedThreeInfo" time="43.505" classname="automationFramework.TestCases.TokenSearchTest"/>
  <testcase name="tokenSearchWithSpace" time="44.008" classname="automationFramework.TestCases.TokenSearchTest"/>
  <testcase name="searchUnregistredCustomer" time="21.352" classname="automationFramework.TestCases.TokenSearchTest"/>
  <testcase name="searchTokenNoRecordFound" time="10.663" classname="automationFramework.TestCases.TokenSearchTest"/>
  <testcase name="viewRegistredCustomerSubsystemPage" time="46.404" classname="automationFramework.TestCases.TokenSearchTest"/>
  <testcase name="searchTokenNoRecordFoundNewSearch" time="10.602" classname="automationFramework.TestCases.TokenSearchTest"/>
  <testcase name="searchTokenMissingBankCard" time="9.343" classname="automationFramework.TestCases.TokenSearchTest"/>
  <testcase name="searchTokenInvalidTokenNewSearch" time="10.659" classname="automationFramework.TestCases.TokenSearchTest"/>
  <testcase name="searchTokenInvalidMonth" time="10.615" classname="automationFramework.TestCases.TokenSearchTest"/>
  <testcase name="searchTokenInvalidTokenSearch" time="10.270" classname="automationFramework.TestCases.TokenSearchTest"/>
  <testcase name="searchTokenNewSearch" time="10.045" classname="automationFramework.TestCases.TokenSearchTest"/>
  <testcase name="searchTokenInvalidYear" time="9.626" classname="automationFramework.TestCases.TokenSearchTest"/>
  <testcase name="searchRegistredCustomer" time="46.234" classname="automationFramework.TestCases.TokenSearchTest"/>
  <testcase name="tokenSearchAuthenticationError" time="10.695" classname="automationFramework.TestCases.TokenSearchTest"/>
  <testcase name="searchTokenVerification" time="16.000" classname="automationFramework.TestCases.TokenSearchTest"/>
  <testcase name="searchTokenClickHome" time="16.530" classname="automationFramework.TestCases.TokenSearchTest"/>
</testsuite> <!-- automationFramework.TestCases.TokenSearchTest -->
