<?xml version="1.0" encoding="UTF-8"?>
<!-- Generated by org.testng.reporters.JUnitReportReporter -->
<testsuite hostname="NACTS-081729" name="automationFramework.TestCases.CreateOrderDBTest" tests="2" failures="0" timestamp="25 Apr 2017 23:19:06 GMT" time="51.334" errors="0">
  <testcase name="createOrderCancelDBcheck" time="23.292" classname="automationFramework.TestCases.CreateOrderDBTest"/>
  <testcase name="createOrderDBcheck" time="28.042" classname="automationFramework.TestCases.CreateOrderDBTest"/>
</testsuite> <!-- automationFramework.TestCases.CreateOrderDBTest -->
