<?xml version="1.0" encoding="UTF-8"?>
<!-- Generated by org.testng.reporters.JUnitReportReporter -->
<testsuite hostname="NACTS-081729" name="automationFramework.TestCases.UpdateFundingTest" tests="4" failures="0" timestamp="25 Apr 2017 23:19:06 GMT" time="111.505" errors="0">
  <testcase name="updatePrimaryFundingTest" time="23.972" classname="automationFramework.TestCases.UpdateFundingTest"/>
  <testcase name="updatePrimaryFundingCancelTest" time="19.956" classname="automationFramework.TestCases.UpdateFundingTest"/>
  <testcase name="updateNonPrimaryFundingTest" time="37.027" classname="automationFramework.TestCases.UpdateFundingTest"/>
  <testcase name="updateNonPrimaryFundingCancelTest" time="30.550" classname="automationFramework.TestCases.UpdateFundingTest"/>
</testsuite> <!-- automationFramework.TestCases.UpdateFundingTest -->
