<?xml version="1.0" encoding="UTF-8"?>
<!-- Generated by org.testng.reporters.JUnitReportReporter -->
<testsuite hostname="NACTS-081729" name="automationFramework.TestCases.LinkAccountAPITest" tests="7" failures="0" timestamp="25 Apr 2017 23:19:06 GMT" time="886.160" errors="0">
  <testcase name="linkAccountTest" time="254.115" classname="automationFramework.TestCases.LinkAccountAPITest"/>
  <testcase name="linkAccountBankAccountMissingTest" time="15.463" classname="automationFramework.TestCases.LinkAccountAPITest"/>
  <testcase name="linkAccountFailureTest" time="13.607" classname="automationFramework.TestCases.LinkAccountAPITest"/>
  <testcase name="linkAccountCardExpirationMissingTest" time="13.815" classname="automationFramework.TestCases.LinkAccountAPITest"/>
  <testcase name="linkAccountAlreadyLinkedTest" time="269.251" classname="automationFramework.TestCases.LinkAccountAPITest"/>
  <testcase name="linkAccountMessageTest" time="305.537" classname="automationFramework.TestCases.LinkAccountAPITest"/>
  <testcase name="linkAccountCancelTest" time="14.372" classname="automationFramework.TestCases.LinkAccountAPITest"/>
</testsuite> <!-- automationFramework.TestCases.LinkAccountAPITest -->
