<?xml version="1.0" encoding="UTF-8"?>
<!-- Generated by org.testng.reporters.JUnitReportReporter -->
<testsuite hostname="NACTS-081729" name="automationFramework.TestCases.TokenSearchAPITest" tests="2" failures="0" timestamp="25 Apr 2017 23:19:06 GMT" time="34.610" errors="0">
  <testcase name="tokenVerificationLinkAccount" time="18.964" classname="automationFramework.TestCases.TokenSearchAPITest"/>
  <testcase name="tokenVerificationLinkAccountNewSearch" time="15.646" classname="automationFramework.TestCases.TokenSearchAPITest"/>
</testsuite> <!-- automationFramework.TestCases.TokenSearchAPITest -->
